<?xml version="1.0" encoding="UTF-8"?>
<!-- Generated by org.testng.reporters.JUnitReportReporter -->
<testsuite hostname="WS-QA-019" name="example.NewTest" tests="1" failures="0" timestamp="25 Feb 2019 02:33:33 GMT" time="12.100" errors="0">
  <testcase name="f" time="12.100" classname="example.NewTest"/>
</testsuite> <!-- example.NewTest -->
